<?xml version="1.0" encoding="UTF-8"?>
<!-- Generated by org.testng.reporters.JUnitReportReporter -->
<testsuite skipped="0" hostname="DESKTOP-MCTOCK3" name="Contact.modifyTest" tests="1" failures="0" timestamp="2022-07-20T12:09:41 IST" time="0.011" errors="0">
  <testcase name="updatedeleteadcontactTEST" time="0.011" classname="Contact.modifyTest"/>
  <system-out/>
</testsuite> <!-- Contact.modifyTest -->
