<?xml version="1.0" encoding="UTF-8"?>
<!-- Generated by org.testng.reporters.JUnitReportReporter -->
<testsuite skipped="0" hostname="DESKTOP-MCTOCK3" name="Contact.CreatecontactTest" tests="1" failures="0" timestamp="2022-07-20T12:12:20 IST" time="0.003" errors="0">
  <testcase name="CreateonlyTest" time="0.003" classname="Contact.CreatecontactTest"/>
  <system-out/>
</testsuite> <!-- Contact.CreatecontactTest -->
